
D:\Work\OneNight\node_modules\uws>if not defined npm_config_node_gyp (node "C:\Program Files\nodejs\node_modules\npm\bin\node-gyp-bin\\..\..\node_modules\node-gyp\bin\node-gyp.js" rebuild )  else (node "" rebuild ) 
在此解决方案中一次生成一个项目。若要启用并行生成，请添加“/m”开关。
  Extensions.cpp
  Group.cpp
  Networking.cpp
  Hub.cpp
..\src\Extensions.cpp(15): error C2864: “uWS::ExtensionsParser::lastInteger”: 只有静态常量整型数据成员才可以在类中初始化 [D:\Work\OneNight\node_modules\uws\build\uws.vcxproj]
..\src\Extensions.cpp(18): error C2864: “uWS::ExtensionsParser::perMessageDeflate”: 只有静态常量整型数据成员才可以在类中初始化 [D:\Work\OneNight\node_modules\uws\build\uws.vcxproj]
..\src\Extensions.cpp(19): error C2864: “uWS::ExtensionsParser::serverNoContextTakeover”: 只有静态常量整型数据成员才可以在类中初始化 [D:\Work\OneNight\node_modules\uws\build\uws.vcxproj]
..\src\Extensions.cpp(20): error C2864: “uWS::ExtensionsParser::clientNoContextTakeover”: 只有静态常量整型数据成员才可以在类中初始化 [D:\Work\OneNight\node_modules\uws\build\uws.vcxproj]
..\src\Extensions.cpp(21): error C2864: “uWS::ExtensionsParser::serverMaxWindowBits”: 只有静态常量整型数据成员才可以在类中初始化 [D:\Work\OneNight\node_modules\uws\build\uws.vcxproj]
..\src\Extensions.cpp(22): error C2864: “uWS::ExtensionsParser::clientMaxWindowBits”: 只有静态常量整型数据成员才可以在类中初始化 [D:\Work\OneNight\node_modules\uws\build\uws.vcxproj]
  Node.cpp
d:\work\onenight\node_modules\uws\src\Libuv.h(43): error C2664: “uv_close”: 不能将参数 2 从“`anonymous-namespace'::<lambda0>”转换为“uv_close_cb” [D:\Work\OneNight\node_modules\uws\build\uws.vcxproj]
          没有可用于执行该转换的用户定义的转换运算符，或者无法调用该运算符
d:\work\onenight\node_modules\uws\src\Libuv.h(43): error C2664: “uv_close”: 不能将参数 2 从“`anonymous-namespace'::<lambda0>”转换为“uv_close_cb” [D:\Work\OneNight\node_modules\uws\build\uws.vcxproj]
          没有可用于执行该转换的用户定义的转换运算符，或者无法调用该运算符
d:\work\onenight\node_modules\uws\src\Libuv.h(43): error C2664: “uv_close”: 不能将参数 2 从“`anonymous-namespace'::<lambda0>”转换为“uv_close_cb” [D:\Work\OneNight\node_modules\uws\build\uws.vcxproj]
          没有可用于执行该转换的用户定义的转换运算符，或者无法调用该运算符
d:\work\onenight\node_modules\uws\src\Libuv.h(43): error C2664: “uv_close”: 不能将参数 2 从“`anonymous-namespace'::<lambda0>”转换为“uv_close_cb” [D:\Work\OneNight\node_modules\uws\build\uws.vcxproj]
          没有可用于执行该转换的用户定义的转换运算符，或者无法调用该运算符
d:\work\onenight\node_modules\uws\src\Libuv.h(81): error C2664: “uv_close”: 不能将参数 2 从“`anonymous-namespace'::<lambda1>”转换为“uv_close_cb” [D:\Work\OneNight\node_modules\uws\build\uws.vcxproj]
          没有可用于执行该转换的用户定义的转换运算符，或者无法调用该运算符
d:\work\onenight\node_modules\uws\src\Libuv.h(81): error C2664: “uv_close”: 不能将参数 2 从“`anonymous-namespace'::<lambda1>”转换为“uv_close_cb” [D:\Work\OneNight\node_modules\uws\build\uws.vcxproj]
          没有可用于执行该转换的用户定义的转换运算符，或者无法调用该运算符
d:\work\onenight\node_modules\uws\src\Libuv.h(81): error C2664: “uv_close”: 不能将参数 2 从“`anonymous-namespace'::<lambda1>”转换为“uv_close_cb” [D:\Work\OneNight\node_modules\uws\build\uws.vcxproj]
          没有可用于执行该转换的用户定义的转换运算符，或者无法调用该运算符
d:\work\onenight\node_modules\uws\src\Libuv.h(107): error C2059: 语法错误:“;” [D:\Work\OneNight\node_modules\uws\build\uws.vcxproj]
d:\work\onenight\node_modules\uws\src\Libuv.h(81): error C2664: “uv_close”: 不能将参数 2 从“`anonymous-namespace'::<lambda1>”转换为“uv_close_cb” [D:\Work\OneNight\node_modules\uws\build\uws.vcxproj]
          没有可用于执行该转换的用户定义的转换运算符，或者无法调用该运算符
d:\work\onenight\node_modules\uws\src\Libuv.h(107): error C2059: 语法错误:“;” [D:\Work\OneNight\node_modules\uws\build\uws.vcxproj]
d:\work\onenight\node_modules\uws\src\Libuv.h(107): error C2059: 语法错误:“;” [D:\Work\OneNight\node_modules\uws\build\uws.vcxproj]
d:\work\onenight\node_modules\uws\src\Libuv.h(107): error C2238: 意外的标记位于“;”之前 [D:\Work\OneNight\node_modules\uws\build\uws.vcxproj]
d:\work\onenight\node_modules\uws\src\Libuv.h(107): error C2059: 语法错误:“;” [D:\Work\OneNight\node_modules\uws\build\uws.vcxproj]
d:\work\onenight\node_modules\uws\src\Libuv.h(107): error C2238: 意外的标记位于“;”之前 [D:\Work\OneNight\node_modules\uws\build\uws.vcxproj]
d:\work\onenight\node_modules\uws\src\Libuv.h(107): error C2238: 意外的标记位于“;”之前 [D:\Work\OneNight\node_modules\uws\build\uws.vcxproj]
d:\work\onenight\node_modules\uws\src\Libuv.h(107): error C2238: 意外的标记位于“;”之前 [D:\Work\OneNight\node_modules\uws\build\uws.vcxproj]
d:\work\onenight\node_modules\uws\src\Libuv.h(143): error C2664: “uv_poll_start”: 不能将参数 3 从“`anonymous-namespace'::<lambda2>”转换为“uv_poll_cb” [D:\Work\OneNight\node_modules\uws\build\uws.vcxproj]
          没有可用于执行该转换的用户定义的转换运算符，或者无法调用该运算符
d:\work\onenight\node_modules\uws\src\Libuv.h(143): error C2664: “uv_poll_start”: 不能将参数 3 从“`anonymous-namespace'::<lambda2>”转换为“uv_poll_cb” [D:\Work\OneNight\node_modules\uws\build\uws.vcxproj]
          没有可用于执行该转换的用户定义的转换运算符，或者无法调用该运算符
d:\work\onenight\node_modules\uws\src\Libuv.h(143): error C2664: “uv_poll_start”: 不能将参数 3 从“`anonymous-namespace'::<lambda2>”转换为“uv_poll_cb” [D:\Work\OneNight\node_modules\uws\build\uws.vcxproj]
          没有可用于执行该转换的用户定义的转换运算符，或者无法调用该运算符
d:\work\onenight\node_modules\uws\src\Libuv.h(167): error C2664: “uv_close”: 不能将参数 2 从“`anonymous-namespace'::<lambda3>”转换为“uv_close_cb” [D:\Work\OneNight\node_modules\uws\build\uws.vcxproj]
          没有可用于执行该转换的用户定义的转换运算符，或者无法调用该运算符
d:\work\onenight\node_modules\uws\src\Libuv.h(167): error C2664: “uv_close”: 不能将参数 2 从“`anonymous-namespace'::<lambda3>”转换为“uv_close_cb” [D:\Work\OneNight\node_modules\uws\build\uws.vcxproj]
          没有可用于执行该转换的用户定义的转换运算符，或者无法调用该运算符
d:\work\onenight\node_modules\uws\src\Libuv.h(143): error C2664: “uv_poll_start”: 不能将参数 3 从“`anonymous-namespace'::<lambda2>”转换为“uv_poll_cb” [D:\Work\OneNight\node_modules\uws\build\uws.vcxproj]
          没有可用于执行该转换的用户定义的转换运算符，或者无法调用该运算符
d:\work\onenight\node_modules\uws\src\Libuv.h(167): error C2664: “uv_close”: 不能将参数 2 从“`anonymous-namespace'::<lambda3>”转换为“uv_close_cb” [D:\Work\OneNight\node_modules\uws\build\uws.vcxproj]
          没有可用于执行该转换的用户定义的转换运算符，或者无法调用该运算符
d:\work\onenight\node_modules\uws\src\Libuv.h(167): error C2664: “uv_close”: 不能将参数 2 从“`anonymous-namespace'::<lambda3>”转换为“uv_close_cb” [D:\Work\OneNight\node_modules\uws\build\uws.vcxproj]
          没有可用于执行该转换的用户定义的转换运算符，或者无法调用该运算符
d:\work\onenight\node_modules\uws\src\Networking.h(74): fatal error C1083: 无法打开包括文件:“mutex”: No such file or directory [D:\Work\OneNight\node_modules\uws\build\uws.vcxproj]
d:\work\onenight\node_modules\uws\src\Networking.h(74): fatal error C1083: 无法打开包括文件:“mutex”: No such file or directory [D:\Work\OneNight\node_modules\uws\build\uws.vcxproj]
d:\work\onenight\node_modules\uws\src\Networking.h(74): fatal error C1083: 无法打开包括文件:“mutex”: No such file or directory [D:\Work\OneNight\node_modules\uws\build\uws.vcxproj]
d:\work\onenight\node_modules\uws\src\Networking.h(74): fatal error C1083: 无法打开包括文件:“mutex”: No such file or directory [D:\Work\OneNight\node_modules\uws\build\uws.vcxproj]
  WebSocket.cpp
  HTTPSocket.cpp
  Socket.cpp
  addon.cpp
d:\work\onenight\node_modules\uws\src\Libuv.h(43): error C2664: “uv_close”: 不能将参数 2 从“`anonymous-namespace'::<lambda0>”转换为“uv_close_cb” [D:\Work\OneNight\node_modules\uws\build\uws.vcxproj]
          没有可用于执行该转换的用户定义的转换运算符，或者无法调用该运算符
d:\work\onenight\node_modules\uws\src\Libuv.h(43): error C2664: “uv_close”: 不能将参数 2 从“`anonymous-namespace'::<lambda0>”转换为“uv_close_cb” [D:\Work\OneNight\node_modules\uws\build\uws.vcxproj]
          没有可用于执行该转换的用户定义的转换运算符，或者无法调用该运算符
d:\work\onenight\node_modules\uws\src\Libuv.h(81): error C2664: “uv_close”: 不能将参数 2 从“`anonymous-namespace'::<lambda1>”转换为“uv_close_cb” [D:\Work\OneNight\node_modules\uws\build\uws.vcxproj]
          没有可用于执行该转换的用户定义的转换运算符，或者无法调用该运算符
d:\work\onenight\node_modules\uws\src\Libuv.h(81): error C2664: “uv_close”: 不能将参数 2 从“`anonymous-namespace'::<lambda1>”转换为“uv_close_cb” [D:\Work\OneNight\node_modules\uws\build\uws.vcxproj]
          没有可用于执行该转换的用户定义的转换运算符，或者无法调用该运算符
d:\work\onenight\node_modules\uws\src\Libuv.h(107): error C2059: 语法错误:“;” [D:\Work\OneNight\node_modules\uws\build\uws.vcxproj]
d:\work\onenight\node_modules\uws\src\Libuv.h(107): error C2059: 语法错误:“;” [D:\Work\OneNight\node_modules\uws\build\uws.vcxproj]
d:\work\onenight\node_modules\uws\src\Libuv.h(107): error C2238: 意外的标记位于“;”之前 [D:\Work\OneNight\node_modules\uws\build\uws.vcxproj]
d:\work\onenight\node_modules\uws\src\Libuv.h(107): error C2238: 意外的标记位于“;”之前 [D:\Work\OneNight\node_modules\uws\build\uws.vcxproj]
d:\work\onenight\node_modules\uws\src\Libuv.h(143): error C2664: “uv_poll_start”: 不能将参数 3 从“`anonymous-namespace'::<lambda2>”转换为“uv_poll_cb” [D:\Work\OneNight\node_modules\uws\build\uws.vcxproj]
          没有可用于执行该转换的用户定义的转换运算符，或者无法调用该运算符
d:\work\onenight\node_modules\uws\src\Libuv.h(143): error C2664: “uv_poll_start”: 不能将参数 3 从“`anonymous-namespace'::<lambda2>”转换为“uv_poll_cb” [D:\Work\OneNight\node_modules\uws\build\uws.vcxproj]
          没有可用于执行该转换的用户定义的转换运算符，或者无法调用该运算符
d:\work\onenight\node_modules\uws\src\Libuv.h(167): error C2664: “uv_close”: 不能将参数 2 从“`anonymous-namespace'::<lambda3>”转换为“uv_close_cb” [D:\Work\OneNight\node_modules\uws\build\uws.vcxproj]
          没有可用于执行该转换的用户定义的转换运算符，或者无法调用该运算符
d:\work\onenight\node_modules\uws\src\Libuv.h(167): error C2664: “uv_close”: 不能将参数 2 从“`anonymous-namespace'::<lambda3>”转换为“uv_close_cb” [D:\Work\OneNight\node_modules\uws\build\uws.vcxproj]
          没有可用于执行该转换的用户定义的转换运算符，或者无法调用该运算符
d:\work\onenight\node_modules\uws\src\Libuv.h(43): error C2664: “uv_close”: 不能将参数 2 从“`anonymous-namespace'::<lambda0>”转换为“uv_close_cb” [D:\Work\OneNight\node_modules\uws\build\uws.vcxproj]
          没有可用于执行该转换的用户定义的转换运算符，或者无法调用该运算符
d:\work\onenight\node_modules\uws\src\Libuv.h(81): error C2664: “uv_close”: 不能将参数 2 从“`anonymous-namespace'::<lambda1>”转换为“uv_close_cb” [D:\Work\OneNight\node_modules\uws\build\uws.vcxproj]
          没有可用于执行该转换的用户定义的转换运算符，或者无法调用该运算符
d:\work\onenight\node_modules\uws\src\Libuv.h(107): error C2059: 语法错误:“;” [D:\Work\OneNight\node_modules\uws\build\uws.vcxproj]
d:\work\onenight\node_modules\uws\src\Libuv.h(107): error C2238: 意外的标记位于“;”之前 [D:\Work\OneNight\node_modules\uws\build\uws.vcxproj]
d:\work\onenight\node_modules\uws\src\Libuv.h(143): error C2664: “uv_poll_start”: 不能将参数 3 从“`anonymous-namespace'::<lambda2>”转换为“uv_poll_cb” [D:\Work\OneNight\node_modules\uws\build\uws.vcxproj]
          没有可用于执行该转换的用户定义的转换运算符，或者无法调用该运算符
d:\work\onenight\node_modules\uws\src\Libuv.h(167): error C2664: “uv_close”: 不能将参数 2 从“`anonymous-namespace'::<lambda3>”转换为“uv_close_cb” [D:\Work\OneNight\node_modules\uws\build\uws.vcxproj]
          没有可用于执行该转换的用户定义的转换运算符，或者无法调用该运算符
d:\work\onenight\node_modules\uws\src\Libuv.h(43): error C2664: “uv_close”: 不能将参数 2 从“`anonymous-namespace'::<lambda0>”转换为“uv_close_cb” [D:\Work\OneNight\node_modules\uws\build\uws.vcxproj]
          没有可用于执行该转换的用户定义的转换运算符，或者无法调用该运算符
d:\work\onenight\node_modules\uws\src\Libuv.h(81): error C2664: “uv_close”: 不能将参数 2 从“`anonymous-namespace'::<lambda1>”转换为“uv_close_cb” [D:\Work\OneNight\node_modules\uws\build\uws.vcxproj]
          没有可用于执行该转换的用户定义的转换运算符，或者无法调用该运算符
d:\work\onenight\node_modules\uws\src\Libuv.h(107): error C2059: 语法错误:“;” [D:\Work\OneNight\node_modules\uws\build\uws.vcxproj]
d:\work\onenight\node_modules\uws\src\Libuv.h(107): error C2238: 意外的标记位于“;”之前 [D:\Work\OneNight\node_modules\uws\build\uws.vcxproj]
d:\work\onenight\node_modules\uws\src\Libuv.h(143): error C2664: “uv_poll_start”: 不能将参数 3 从“`anonymous-namespace'::<lambda2>”转换为“uv_poll_cb” [D:\Work\OneNight\node_modules\uws\build\uws.vcxproj]
          没有可用于执行该转换的用户定义的转换运算符，或者无法调用该运算符
d:\work\onenight\node_modules\uws\src\Libuv.h(167): error C2664: “uv_close”: 不能将参数 2 从“`anonymous-namespace'::<lambda3>”转换为“uv_close_cb” [D:\Work\OneNight\node_modules\uws\build\uws.vcxproj]
          没有可用于执行该转换的用户定义的转换运算符，或者无法调用该运算符
d:\work\onenight\node_modules\uws\src\Networking.h(74): fatal error C1083: 无法打开包括文件:“mutex”: No such file or directory [D:\Work\OneNight\node_modules\uws\build\uws.vcxproj]
d:\work\onenight\node_modules\uws\src\Networking.h(74): fatal error C1083: 无法打开包括文件:“mutex”: No such file or directory [D:\Work\OneNight\node_modules\uws\build\uws.vcxproj]
d:\work\onenight\node_modules\uws\src\Networking.h(74): fatal error C1083: 无法打开包括文件:“mutex”: No such file or directory [D:\Work\OneNight\node_modules\uws\build\uws.vcxproj]
  win_delay_load_hook.cc
d:\work\onenight\node_modules\uws\src\Networking.h(74): fatal error C1083: 无法打开包括文件:“mutex”: No such file or directory [D:\Work\OneNight\node_modules\uws\build\uws.vcxproj]
gyp ERR! build error 
gyp ERR! stack Error: `C:\Windows\Microsoft.NET\Framework\v4.0.30319\msbuild.exe` failed with exit code: 1
gyp ERR! stack     at ChildProcess.onExit (C:\Program Files\nodejs\node_modules\npm\node_modules\node-gyp\lib\build.js:276:23)
gyp ERR! stack     at emitTwo (events.js:106:13)
gyp ERR! stack     at ChildProcess.emit (events.js:191:7)
gyp ERR! stack     at Process.ChildProcess._handle.onexit (internal/child_process.js:215:12)
gyp ERR! System Windows_NT 10.0.15063
gyp ERR! command "C:\\Program Files\\nodejs\\node.exe" "C:\\Program Files\\nodejs\\node_modules\\npm\\node_modules\\node-gyp\\bin\\node-gyp.js" "rebuild"
gyp ERR! cwd D:\Work\OneNight\node_modules\uws
gyp ERR! node -v v6.9.2
gyp ERR! node-gyp -v v3.4.0
gyp ERR! not ok 
